Arguments: 
  /usr/local/bin/node /usr/local/bin/yarn

PATH: 
  /usr/local/heroku/bin:/Users/chrisgreeff/.yarn/bin:/Users/chrisgreeff/Code/bin:/Users/chrisgreeff/.rvm/gems/ruby-2.1.1/bin:/Users/chrisgreeff/.rvm/gems/ruby-2.1.1@global/bin:/Users/chrisgreeff/.rvm/rubies/ruby-2.1.1/bin:/usr/local/heroku/bin:/usr/bin:/bin:/usr/sbin:/sbin:/usr/local/bin:/Users/chrisgreeff/.rvm/bin:/Users/chrisgreeff/.rvm/bin:/Users/chrisgreeff/.rvm/bin

Yarn version: 
  0.22.0

Node version: 
  6.9.2

Platform: 
  darwin x64

npm manifest: 
  {
    "name": "idea-pirates-retirement",
    "version": "1.0.0",
    "description": "Idea Pirates - Retirement",
    "main": "index.js",
    "scripts": {
      "test": "echo \"Error: no test specified\" && exit 1",
      "start": "node server-prod.js",
      "postinstall": "gulp build"
    },
    "repository": {
      "type": "git",
      "url": "git+https://github.com/chrisgreeff/idea-pirates-retirement.git"
    },
    "author": "Chris Greeff <chris.r.greeff@gmail.com>",
    "license": "ISC",
    "bugs": {
      "url": "https://github.com/chrisgreeff/idea-pirates-retirement/issues"
    },
    "homepage": "https://github.com/chrisgreeff/idea-pirates-retirement#readme",
    "dependencies": {
      "babel-core": "^6.22.1",
      "babel-loader": "^6.2.10",
      "babel-preset-es2015": "^6.22.0",
      "babel-preset-react": "^6.22.0",
      "body-parser": "^1.16.0",
      "del": "^2.2.2",
      "express": "^4.14.0",
      "gulp": "^3.9.1",
      "gulp-changed": "^1.3.2",
      "gulp-less": "^3.3.0",
      "gulp-notify": "^2.2.0",
      "gulp-sourcemaps": "^2.4.0",
      "gulp-standard": "^8.0.3",
      "gulp-util": "^3.0.8",
      "less-plugin-autoprefix": "^1.5.1",
      "lodash": "^4.17.4",
      "method-override": "^2.3.7",
      "morgan": "^1.7.0",
      "react": "^15.4.2",
      "react-dom": "^15.4.2",
      "react-router": "^3.0.2",
      "run-sequence": "^1.2.2",
      "webpack": "^1.14.0"
    }
  }

yarn manifest: 
  No manifest

Lockfile: 
  No lockfile

Trace: 
  Error: https://registry.yarnpkg.com/@gulp-sourcemaps%2fmap-sources: Could not authenticate chrisgreeff
      at Request.params.callback [as _callback] (/usr/local/Cellar/yarn/0.22.0/libexec/lib/util/request-manager.js:313:18)
      at Request.self.callback (/usr/local/Cellar/yarn/0.22.0/libexec/node_modules/request/request.js:187:22)
      at emitTwo (events.js:106:13)
      at Request.emit (events.js:191:7)
      at Request.<anonymous> (/usr/local/Cellar/yarn/0.22.0/libexec/node_modules/request/request.js:1126:10)
      at emitOne (events.js:96:13)
      at Request.emit (events.js:188:7)
      at IncomingMessage.<anonymous> (/usr/local/Cellar/yarn/0.22.0/libexec/node_modules/request/request.js:1046:12)
      at IncomingMessage.g (events.js:291:16)
      at emitNone (events.js:91:20)
      at IncomingMessage.emit (events.js:185:7)
